action: GLOB, msg: packaging
cwd: /Users/nate/Projects/NLoed
cmd: /Users/nate/.pyenv/versions/3.7.6/envs/NLoed/bin/python setup.py sdist --formats=zip --dist-dir .tox/dist
running sdist
running egg_info
writing nloed.egg-info/PKG-INFO
writing dependency_links to nloed.egg-info/dependency_links.txt
writing requirements to nloed.egg-info/requires.txt
writing top-level names to nloed.egg-info/top_level.txt
reading manifest file 'nloed.egg-info/SOURCES.txt'
reading manifest template 'MANIFEST.in'
writing manifest file 'nloed.egg-info/SOURCES.txt'
running check
creating nloed-0.0.2
creating nloed-0.0.2/examples
creating nloed-0.0.2/examples/skrap
creating nloed-0.0.2/nloed
creating nloed-0.0.2/nloed.egg-info
copying files to nloed-0.0.2...
copying LICENSE -> nloed-0.0.2
copying MANIFEST.in -> nloed-0.0.2
copying README.md -> nloed-0.0.2
copying devnotes -> nloed-0.0.2
copying setup.py -> nloed-0.0.2
copying examples/compartment2D_cvodes.py -> nloed-0.0.2/examples
copying examples/dyanmic_ex2.py -> nloed-0.0.2/examples
copying examples/dynamic_ex1.py -> nloed-0.0.2/examples
copying examples/hill_function.py -> nloed-0.0.2/examples
copying examples/linear2D_ode.py -> nloed-0.0.2/examples
copying examples/linear_regression.py -> nloed-0.0.2/examples
copying examples/mixed_culture_model.py -> nloed-0.0.2/examples
copying examples/mixed_distributions.py -> nloed-0.0.2/examples
copying examples/multiple_regression.py -> nloed-0.0.2/examples
copying examples/steady_state_ex1.py -> nloed-0.0.2/examples
copying examples/steady_state_ex2.py -> nloed-0.0.2/examples
copying examples/testing.py -> nloed-0.0.2/examples
copying examples/thesis_script.py -> nloed-0.0.2/examples
copying examples/skrap/stochastic_script1.py -> nloed-0.0.2/examples/skrap
copying examples/skrap/stochastic_script2.py -> nloed-0.0.2/examples/skrap
copying examples/skrap/taylor_script.py -> nloed-0.0.2/examples/skrap
copying examples/skrap/taylor_script2.py -> nloed-0.0.2/examples/skrap
copying examples/skrap/taylor_script3.py -> nloed-0.0.2/examples/skrap
copying examples/skrap/taylor_script4.py -> nloed-0.0.2/examples/skrap
copying examples/skrap/taylor_script5.py -> nloed-0.0.2/examples/skrap
copying examples/skrap/taylor_script6.py -> nloed-0.0.2/examples/skrap
copying nloed/__init__.py -> nloed-0.0.2/nloed
copying nloed/design.py -> nloed-0.0.2/nloed
copying nloed/model.py -> nloed-0.0.2/nloed
copying nloed.egg-info/PKG-INFO -> nloed-0.0.2/nloed.egg-info
copying nloed.egg-info/SOURCES.txt -> nloed-0.0.2/nloed.egg-info
copying nloed.egg-info/dependency_links.txt -> nloed-0.0.2/nloed.egg-info
copying nloed.egg-info/requires.txt -> nloed-0.0.2/nloed.egg-info
copying nloed.egg-info/top_level.txt -> nloed-0.0.2/nloed.egg-info
Writing nloed-0.0.2/setup.cfg
creating '.tox/dist/nloed-0.0.2.zip' and adding 'nloed-0.0.2' to it
adding 'nloed-0.0.2'
adding 'nloed-0.0.2/nloed'
adding 'nloed-0.0.2/examples'
adding 'nloed-0.0.2/nloed.egg-info'
adding 'nloed-0.0.2/PKG-INFO'
adding 'nloed-0.0.2/devnotes'
adding 'nloed-0.0.2/LICENSE'
adding 'nloed-0.0.2/MANIFEST.in'
adding 'nloed-0.0.2/README.md'
adding 'nloed-0.0.2/setup.py'
adding 'nloed-0.0.2/setup.cfg'
adding 'nloed-0.0.2/nloed/design.py'
adding 'nloed-0.0.2/nloed/__init__.py'
adding 'nloed-0.0.2/nloed/model.py'
adding 'nloed-0.0.2/examples/skrap'
adding 'nloed-0.0.2/examples/hill_function.py'
adding 'nloed-0.0.2/examples/linear2D_ode.py'
adding 'nloed-0.0.2/examples/steady_state_ex2.py'
adding 'nloed-0.0.2/examples/mixed_distributions.py'
adding 'nloed-0.0.2/examples/compartment2D_cvodes.py'
adding 'nloed-0.0.2/examples/thesis_script.py'
adding 'nloed-0.0.2/examples/mixed_culture_model.py'
adding 'nloed-0.0.2/examples/steady_state_ex1.py'
adding 'nloed-0.0.2/examples/linear_regression.py'
adding 'nloed-0.0.2/examples/dynamic_ex1.py'
adding 'nloed-0.0.2/examples/testing.py'
adding 'nloed-0.0.2/examples/multiple_regression.py'
adding 'nloed-0.0.2/examples/dyanmic_ex2.py'
adding 'nloed-0.0.2/examples/skrap/taylor_script4.py'
adding 'nloed-0.0.2/examples/skrap/taylor_script5.py'
adding 'nloed-0.0.2/examples/skrap/stochastic_script1.py'
adding 'nloed-0.0.2/examples/skrap/taylor_script2.py'
adding 'nloed-0.0.2/examples/skrap/taylor_script6.py'
adding 'nloed-0.0.2/examples/skrap/stochastic_script2.py'
adding 'nloed-0.0.2/examples/skrap/taylor_script.py'
adding 'nloed-0.0.2/examples/skrap/taylor_script3.py'
adding 'nloed-0.0.2/nloed.egg-info/PKG-INFO'
adding 'nloed-0.0.2/nloed.egg-info/SOURCES.txt'
adding 'nloed-0.0.2/nloed.egg-info/requires.txt'
adding 'nloed-0.0.2/nloed.egg-info/top_level.txt'
adding 'nloed-0.0.2/nloed.egg-info/dependency_links.txt'
removing 'nloed-0.0.2' (and everything under it)
